<?xml version="1.0" encoding="UTF-8"?>
<testng-results ignored="0" total="7" passed="7" failed="0" skipped="0">
  <reporter-output>
  </reporter-output>
  <suite started-at="2024-10-18T12:03:34 IST" name="Default suite" finished-at="2024-10-18T12:04:12 IST" duration-ms="37498">
    <groups>
      <group name="cucumber">
        <method signature="AbstractTestNGCucumberTests.runScenario(io.cucumber.testng.PickleWrapper, io.cucumber.testng.FeatureWrapper)[pri:0, instance:com.cucumbertests.saucedemo_automation.runners.TestRunnerTestNG@5bfa9431]" name="runScenario" class="io.cucumber.testng.AbstractTestNGCucumberTests"/>
      </group> <!-- cucumber -->
    </groups>
    <test started-at="2024-10-18T12:03:34 IST" name="Default test" finished-at="2024-10-18T12:04:12 IST" duration-ms="37498">
      <class name="com.cucumbertests.saucedemo_automation.runners.TestRunnerTestNG">
        <test-method is-config="true" signature="setUpClass(org.testng.ITestContext)[pri:0, instance:com.cucumbertests.saucedemo_automation.runners.TestRunnerTestNG@5bfa9431]" started-at="2024-10-18T12:03:34 IST" name="setUpClass" finished-at="2024-10-18T12:03:36 IST" duration-ms="1677" status="PASS">
          <params>
            <param index="0">
              <value>
                <![CDATA[org.testng.TestRunner@59bbe88a]]>
              </value>
            </param>
          </params>
          <reporter-output>
          </reporter-output>
        </test-method> <!-- setUpClass -->
        <test-method signature="runScenario(io.cucumber.testng.PickleWrapper, io.cucumber.testng.FeatureWrapper)[pri:0, instance:com.cucumbertests.saucedemo_automation.runners.TestRunnerTestNG@5bfa9431]" started-at="2024-10-18T12:03:36 IST" name="runScenario" description="Runs Cucumber Scenarios" data-provider="scenarios" finished-at="2024-10-18T12:03:39 IST" duration-ms="2710" status="PASS">
          <params>
            <param index="0">
              <value>
                <![CDATA["Adding multiple items to the cart"]]>
              </value>
            </param>
            <param index="1">
              <value>
                <![CDATA["Cart Management"]]>
              </value>
            </param>
          </params>
          <reporter-output>
          </reporter-output>
        </test-method> <!-- runScenario -->
        <test-method signature="runScenario(io.cucumber.testng.PickleWrapper, io.cucumber.testng.FeatureWrapper)[pri:0, instance:com.cucumbertests.saucedemo_automation.runners.TestRunnerTestNG@5bfa9431]" started-at="2024-10-18T12:03:39 IST" name="runScenario" description="Runs Cucumber Scenarios" data-provider="scenarios" finished-at="2024-10-18T12:03:49 IST" duration-ms="10425" status="PASS">
          <params>
            <param index="0">
              <value>
                <![CDATA["Removing items from the cart"]]>
              </value>
            </param>
            <param index="1">
              <value>
                <![CDATA["Cart Management"]]>
              </value>
            </param>
          </params>
          <reporter-output>
          </reporter-output>
        </test-method> <!-- runScenario -->
        <test-method signature="runScenario(io.cucumber.testng.PickleWrapper, io.cucumber.testng.FeatureWrapper)[pri:0, instance:com.cucumbertests.saucedemo_automation.runners.TestRunnerTestNG@5bfa9431]" started-at="2024-10-18T12:03:49 IST" name="runScenario" description="Runs Cucumber Scenarios" data-provider="scenarios" finished-at="2024-10-18T12:03:59 IST" duration-ms="10512" status="PASS">
          <params>
            <param index="0">
              <value>
                <![CDATA["Unsuccessful checkout due to missing information"]]>
              </value>
            </param>
            <param index="1">
              <value>
                <![CDATA["Cart Management"]]>
              </value>
            </param>
          </params>
          <reporter-output>
          </reporter-output>
        </test-method> <!-- runScenario -->
        <test-method signature="runScenario(io.cucumber.testng.PickleWrapper, io.cucumber.testng.FeatureWrapper)[pri:0, instance:com.cucumbertests.saucedemo_automation.runners.TestRunnerTestNG@5bfa9431]" started-at="2024-10-18T12:03:59 IST" name="runScenario" description="Runs Cucumber Scenarios" data-provider="scenarios" finished-at="2024-10-18T12:04:10 IST" duration-ms="10535" status="PASS">
          <params>
            <param index="0">
              <value>
                <![CDATA["Successful checkout"]]>
              </value>
            </param>
            <param index="1">
              <value>
                <![CDATA["Cart Management"]]>
              </value>
            </param>
          </params>
          <reporter-output>
          </reporter-output>
        </test-method> <!-- runScenario -->
        <test-method signature="runScenario(io.cucumber.testng.PickleWrapper, io.cucumber.testng.FeatureWrapper)[pri:0, instance:com.cucumbertests.saucedemo_automation.runners.TestRunnerTestNG@5bfa9431]" started-at="2024-10-18T12:04:10 IST" name="runScenario" description="Runs Cucumber Scenarios" data-provider="scenarios" finished-at="2024-10-18T12:04:11 IST" duration-ms="679" status="PASS">
          <params>
            <param index="0">
              <value>
                <![CDATA["Successful login with valid credentials"]]>
              </value>
            </param>
            <param index="1">
              <value>
                <![CDATA["User Login"]]>
              </value>
            </param>
          </params>
          <reporter-output>
          </reporter-output>
        </test-method> <!-- runScenario -->
        <test-method signature="runScenario(io.cucumber.testng.PickleWrapper, io.cucumber.testng.FeatureWrapper)[pri:0, instance:com.cucumbertests.saucedemo_automation.runners.TestRunnerTestNG@5bfa9431]" started-at="2024-10-18T12:04:11 IST" name="runScenario" description="Runs Cucumber Scenarios" data-provider="scenarios" finished-at="2024-10-18T12:04:11 IST" duration-ms="117" status="PASS">
          <params>
            <param index="0">
              <value>
                <![CDATA["Unsuccessful login with invalid credentials"]]>
              </value>
            </param>
            <param index="1">
              <value>
                <![CDATA["User Login"]]>
              </value>
            </param>
          </params>
          <reporter-output>
          </reporter-output>
        </test-method> <!-- runScenario -->
        <test-method signature="runScenario(io.cucumber.testng.PickleWrapper, io.cucumber.testng.FeatureWrapper)[pri:0, instance:com.cucumbertests.saucedemo_automation.runners.TestRunnerTestNG@5bfa9431]" started-at="2024-10-18T12:04:11 IST" name="runScenario" description="Runs Cucumber Scenarios" data-provider="scenarios" finished-at="2024-10-18T12:04:12 IST" duration-ms="720" status="PASS">
          <params>
            <param index="0">
              <value>
                <![CDATA["Successful logout"]]>
              </value>
            </param>
            <param index="1">
              <value>
                <![CDATA["User Logout"]]>
              </value>
            </param>
          </params>
          <reporter-output>
          </reporter-output>
        </test-method> <!-- runScenario -->
        <test-method is-config="true" signature="tearDownClass()[pri:0, instance:com.cucumbertests.saucedemo_automation.runners.TestRunnerTestNG@5bfa9431]" started-at="2024-10-18T12:04:12 IST" name="tearDownClass" finished-at="2024-10-18T12:04:12 IST" duration-ms="107" status="PASS">
          <reporter-output>
          </reporter-output>
        </test-method> <!-- tearDownClass -->
      </class> <!-- com.cucumbertests.saucedemo_automation.runners.TestRunnerTestNG -->
    </test> <!-- Default test -->
  </suite> <!-- Default suite -->
</testng-results>
